#
# There is insufficient memory for the Java Runtime Environment to continue.
# Native memory allocation (malloc) failed to allocate 262160 bytes for Chunk::new
# Possible reasons:
#   The system is out of physical RAM or swap space
#   The process is running with CompressedOops enabled, and the Java Heap may be blocking the growth of the native heap
# Possible solutions:
#   Reduce memory load on the system
#   Increase physical memory or swap space
#   Check if swap backing store is full
#   Decrease Java heap size (-Xmx/-Xms)
#   Decrease number of Java threads
#   Decrease Java thread stack sizes (-Xss)
#   Set larger code cache with -XX:ReservedCodeCacheSize=
#   JVM is running with Unscaled Compressed Oops mode in which the Java heap is
#     placed in the first 4GB address space. The Java Heap base address is the
#     maximum limit for the native heap growth. Please use -XX:HeapBaseMinAddress
#     to set the Java Heap base and to place the Java Heap above 4GB virtual address.
# This output file may be truncated or incomplete.
#
#  Out of Memory Error (allocation.cpp:389), pid=2020, tid=0x00000000000059e0
#
# JRE version: OpenJDK Runtime Environment (8.0_202-b03) (build 1.8.0_202-release-1483-b03)
# Java VM: OpenJDK 64-Bit Server VM (25.202-b03 mixed mode windows-amd64 compressed oops)
# Failed to write core dump. Minidumps are not enabled by default on client versions of Windows
#

---------------  T H R E A D  ---------------

Current thread (0x0000000018827800):  JavaThread "C2 CompilerThread2" daemon [_thread_in_native, id=23008, stack(0x0000000019300000,0x0000000019400000)]

Stack: [0x0000000019300000,0x0000000019400000]
[error occurred during error reporting (printing stack bounds), id 0xc0000005]

Native frames: (J=compiled Java code, j=interpreted, Vv=VM code, C=native code)


Current CompileTask:
C2:   7235 2332       4       groovy.lang.MetaClassImpl$1MOPIter::methodNameAction (325 bytes)


---------------  P R O C E S S  ---------------

Java Threads: ( => current thread )
  0x000000001ab8d800 JavaThread "Cache worker for file hash cache (C:\Users\Luckmen\AndroidStudioProjects\ORG\.gradle\5.4.1\fileHashes)" [_thread_blocked, id=23336, stack(0x000000001e5f0000,0x000000001e6f0000)]
  0x000000001ab8d000 JavaThread "Cache worker for journal cache (C:\Users\Luckmen\.gradle\caches\journal-1)" [_thread_blocked, id=17840, stack(0x000000001c350000,0x000000001c450000)]
  0x000000001ab8c000 JavaThread "File lock request listener" [_thread_in_native, id=8620, stack(0x000000001c250000,0x000000001c350000)]
  0x000000001a4a7000 JavaThread "Cache worker for file hash cache (C:\Users\Luckmen\.gradle\caches\5.4.1\fileHashes)" [_thread_blocked, id=13488, stack(0x000000001c150000,0x000000001c250000)]
  0x000000001abad000 JavaThread "Thread-9" [_thread_blocked, id=17288, stack(0x000000001c050000,0x000000001c150000)]
  0x000000001aba4800 JavaThread "Stdin handler" [_thread_blocked, id=17988, stack(0x000000001bf50000,0x000000001c050000)]
  0x000000001a976000 JavaThread "Asynchronous log dispatcher for DefaultDaemonConnection: socket connection from /127.0.0.1:54098 to /127.0.0.1:54099" [_thread_blocked, id=9208, stack(0x000000001be50000,0x000000001bf50000)]
  0x000000001a96f800 JavaThread "Daemon worker" [_thread_in_vm, id=19200, stack(0x000000001bd50000,0x000000001be50000)]
  0x000000001a78c800 JavaThread "Cancel handler" [_thread_blocked, id=20180, stack(0x000000001bc50000,0x000000001bd50000)]
  0x000000001a961800 JavaThread "Handler for socket connection from /127.0.0.1:54098 to /127.0.0.1:54099" [_thread_in_native, id=11964, stack(0x000000001b950000,0x000000001ba50000)]
  0x000000001aa65800 JavaThread "Daemon" [_thread_blocked, id=14468, stack(0x000000001b850000,0x000000001b950000)]
  0x0000000018b1a800 JavaThread "Daemon periodic checks" [_thread_blocked, id=16168, stack(0x000000001b750000,0x000000001b850000)]
  0x0000000018b13800 JavaThread "Incoming local TCP Connector on port 54098" [_thread_in_native, id=18236, stack(0x000000001b510000,0x000000001b610000)]
  0x000000001a9e3800 JavaThread "Daemon health stats" [_thread_blocked, id=20008, stack(0x000000001aed0000,0x000000001afd0000)]
  0x00000000188bc800 JavaThread "Service Thread" daemon [_thread_blocked, id=14748, stack(0x0000000019500000,0x0000000019600000)]
  0x0000000018833800 JavaThread "C1 CompilerThread3" daemon [_thread_in_native, id=2808, stack(0x0000000019400000,0x0000000019500000)]
=>0x0000000018827800 JavaThread "C2 CompilerThread2" daemon [_thread_in_native, id=23008, stack(0x0000000019300000,0x0000000019400000)]
  0x0000000018822000 JavaThread "C2 CompilerThread1" daemon [_thread_in_native, id=3012, stack(0x0000000019200000,0x0000000019300000)]
  0x000000001881f000 JavaThread "C2 CompilerThread0" daemon [_thread_blocked, id=12584, stack(0x0000000019100000,0x0000000019200000)]
  0x0000000018819000 JavaThread "Attach Listener" daemon [_thread_blocked, id=15272, stack(0x0000000019000000,0x0000000019100000)]
  0x0000000018825800 JavaThread "Signal Dispatcher" daemon [_thread_blocked, id=4436, stack(0x0000000018f00000,0x0000000019000000)]
  0x0000000002c3d800 JavaThread "Finalizer" daemon [_thread_blocked, id=8656, stack(0x0000000018cf0000,0x0000000018df0000)]
  0x0000000002c34800 JavaThread "Reference Handler" daemon [_thread_blocked, id=11952, stack(0x0000000018bf0000,0x0000000018cf0000)]
  0x00000000009ee800 JavaThread "main" [_thread_blocked, id=17280, stack(0x0000000002a10000,0x0000000002b10000)]

Other Threads:
  0x0000000016a26800 VMThread [stack: 0x00000000186f0000,0x00000000187f0000] [id=2964]
  0x00000000188bd800 WatcherThread [stack: 0x0000000019600000,0x0000000019700000] [id=7700]

VM state:not at safepoint (normal execution)

VM Mutex/Monitor currently owned by a thread: None

heap address: 0x00000000a0000000, size: 1536 MB, Compressed Oops mode: 32-bit
Narrow klass base: 0x0000000000000000, Narrow klass shift: 3
Compressed class space size: 1073741824 Address: 0x0000000100000000

Heap:
 PSYoungGen      total 55296K, used 20862K [0x00000000e0000000, 0x00000000e4480000, 0x0000000100000000)
  eden space 45056K, 31% used [0x00000000e0000000,0x00000000e0da5098,0x00000000e2c00000)
  from space 10240K, 67% used [0x00000000e3080000,0x00000000e373a920,0x00000000e3a80000)
  to   space 4608K, 0% used [0x00000000e4000000,0x00000000e4000000,0x00000000e4480000)
 ParOldGen       total 51200K, used 7795K [0x00000000a0000000, 0x00000000a3200000, 0x00000000e0000000)
  object space 51200K, 15% used [0x00000000a0000000,0x00000000a079cc00,0x00000000a3200000)
 Metaspace       used 29909K, capacity 30408K, committed 30720K, reserved 1075200K
  class space    used 4060K, capacity 4234K, committed 4352K, reserved 1048576K

Card table byte_map: [0x0000000012010000,0x0000000012320000] byte_map_base: 0x0000000011b10000

Marking Bits: (ParMarkBitMap*) 0x0000000060e79f30
 Begin Bits: [0x0000000012d20000, 0x0000000014520000)
 End Bits:   [0x0000000014520000, 0x0000000015d20000)

Polling page: 0x0000000002b10000

CodeCache: size=245760Kb used=9060Kb max_used=9060Kb free=236699Kb
 bounds [0x0000000002c50000, 0x0000000003530000, 0x0000000011c50000]
 total_blobs=3048 nmethods=2373 adapters=589
 compilation: enabled

Compilation events (10 events):
Event: 7.230 Thread 0x0000000018833800 nmethod 2372 0x0000000003515250 code [0x0000000003515400, 0x0000000003515978]
Event: 7.230 Thread 0x0000000018833800 2370       3       com.google.common.reflect.TypeResolver$TypeMappingIntrospector::visitClass (24 bytes)
Event: 7.230 Thread 0x0000000018833800 nmethod 2370 0x0000000003526f90 code [0x00000000035271a0, 0x0000000003527ba8]
Event: 7.230 Thread 0x0000000018833800 2374       3       org.gradle.internal.reflect.MutablePropertyDetails::getGetters (8 bytes)
Event: 7.231 Thread 0x0000000018833800 nmethod 2374 0x0000000003514ed0 code [0x0000000003515020, 0x00000000035151b0]
Event: 7.231 Thread 0x0000000018833800 2375       3       org.gradle.internal.reflect.MutablePropertyDetails::getSetters (8 bytes)
Event: 7.231 Thread 0x0000000018833800 nmethod 2375 0x0000000003527f50 code [0x00000000035280a0, 0x0000000003528230]
Event: 7.232 Thread 0x0000000018833800 2376       1       org.gradle.internal.instantiation.AbstractClassGenerator$PropertyMetadata::getOverridableSetters (5 bytes)
Event: 7.232 Thread 0x0000000018833800 nmethod 2376 0x00000000035282d0 code [0x0000000003528420, 0x0000000003528530]
Event: 7.232 Thread 0x0000000018833800 2377       3       org.objectweb.asm.SymbolTable::addConstant (330 bytes)

GC Heap History (10 events):
Event: 5.325 GC heap before
{Heap before GC invocations=6 (full 0):
 PSYoungGen      total 32768K, used 32736K [0x00000000e0000000, 0x00000000e2e80000, 0x0000000100000000)
  eden space 28160K, 100% used [0x00000000e0000000,0x00000000e1b80000,0x00000000e1b80000)
  from space 4608K, 99% used [0x00000000e1c00000,0x00000000e2078020,0x00000000e2080000)
  to   space 9728K, 0% used [0x00000000e2500000,0x00000000e2500000,0x00000000e2e80000)
 ParOldGen       total 76800K, used 7625K [0x00000000a0000000, 0x00000000a4b00000, 0x00000000e0000000)
  object space 76800K, 9% used [0x00000000a0000000,0x00000000a07725a0,0x00000000a4b00000)
 Metaspace       used 20023K, capacity 20502K, committed 20736K, reserved 1067008K
  class space    used 2894K, capacity 3055K, committed 3072K, reserved 1048576K
Event: 5.335 GC heap after
Heap after GC invocations=6 (full 0):
 PSYoungGen      total 37376K, used 8311K [0x00000000e0000000, 0x00000000e4b00000, 0x0000000100000000)
  eden space 27648K, 0% used [0x00000000e0000000,0x00000000e0000000,0x00000000e1b00000)
  from space 9728K, 85% used [0x00000000e2500000,0x00000000e2d1dc20,0x00000000e2e80000)
  to   space 10240K, 0% used [0x00000000e1b00000,0x00000000e1b00000,0x00000000e2500000)
 ParOldGen       total 76800K, used 7633K [0x00000000a0000000, 0x00000000a4b00000, 0x00000000e0000000)
  object space 76800K, 9% used [0x00000000a0000000,0x00000000a07745a0,0x00000000a4b00000)
 Metaspace       used 20023K, capacity 20502K, committed 20736K, reserved 1067008K
  class space    used 2894K, capacity 3055K, committed 3072K, reserved 1048576K
}
Event: 5.434 GC heap before
{Heap before GC invocations=7 (full 0):
 PSYoungGen      total 37376K, used 13254K [0x00000000e0000000, 0x00000000e4b00000, 0x0000000100000000)
  eden space 27648K, 17% used [0x00000000e0000000,0x00000000e04d3ca8,0x00000000e1b00000)
  from space 9728K, 85% used [0x00000000e2500000,0x00000000e2d1dc20,0x00000000e2e80000)
  to   space 10240K, 0% used [0x00000000e1b00000,0x00000000e1b00000,0x00000000e2500000)
 ParOldGen       total 76800K, used 7633K [0x00000000a0000000, 0x00000000a4b00000, 0x00000000e0000000)
  object space 76800K, 9% used [0x00000000a0000000,0x00000000a07745a0,0x00000000a4b00000)
 Metaspace       used 20696K, capacity 21142K, committed 21296K, reserved 1067008K
  class space    used 2954K, capacity 3119K, committed 3200K, reserved 1048576K
Event: 5.441 GC heap after
Heap after GC invocations=7 (full 0):
 PSYoungGen      total 37888K, used 4802K [0x00000000e0000000, 0x00000000e4a00000, 0x0000000100000000)
  eden space 27648K, 0% used [0x00000000e0000000,0x00000000e0000000,0x00000000e1b00000)
  from space 10240K, 46% used [0x00000000e1b00000,0x00000000e1fb0828,0x00000000e2500000)
  to   space 10240K, 0% used [0x00000000e4000000,0x00000000e4000000,0x00000000e4a00000)
 ParOldGen       total 76800K, used 9705K [0x00000000a0000000, 0x00000000a4b00000, 0x00000000e0000000)
  object space 76800K, 12% used [0x00000000a0000000,0x00000000a097a4b0,0x00000000a4b00000)
 Metaspace       used 20696K, capacity 21142K, committed 21296K, reserved 1067008K
  class space    used 2954K, capacity 3119K, committed 3200K, reserved 1048576K
}
Event: 5.441 GC heap before
{Heap before GC invocations=8 (full 1):
 PSYoungGen      total 37888K, used 4802K [0x00000000e0000000, 0x00000000e4a00000, 0x0000000100000000)
  eden space 27648K, 0% used [0x00000000e0000000,0x00000000e0000000,0x00000000e1b00000)
  from space 10240K, 46% used [0x00000000e1b00000,0x00000000e1fb0828,0x00000000e2500000)
  to   space 10240K, 0% used [0x00000000e4000000,0x00000000e4000000,0x00000000e4a00000)
 ParOldGen       total 76800K, used 9705K [0x00000000a0000000, 0x00000000a4b00000, 0x00000000e0000000)
  object space 76800K, 12% used [0x00000000a0000000,0x00000000a097a4b0,0x00000000a4b00000)
 Metaspace       used 20696K, capacity 21142K, committed 21296K, reserved 1067008K
  class space    used 2954K, capacity 3119K, committed 3200K, reserved 1048576K
Event: 5.503 GC heap after
Heap after GC invocations=8 (full 1):
 PSYoungGen      total 37888K, used 0K [0x00000000e0000000, 0x00000000e4a00000, 0x0000000100000000)
  eden space 27648K, 0% used [0x00000000e0000000,0x00000000e0000000,0x00000000e1b00000)
  from space 10240K, 0% used [0x00000000e1b00000,0x00000000e1b00000,0x00000000e2500000)
  to   space 10240K, 0% used [0x00000000e4000000,0x00000000e4000000,0x00000000e4a00000)
 ParOldGen       total 51200K, used 7779K [0x00000000a0000000, 0x00000000a3200000, 0x00000000e0000000)
  object space 51200K, 15% used [0x00000000a0000000,0x00000000a0798c00,0x00000000a3200000)
 Metaspace       used 20696K, capacity 21142K, committed 21296K, reserved 1067008K
  class space    used 2954K, capacity 3119K, committed 3200K, reserved 1048576K
}
Event: 6.223 GC heap before
{Heap before GC invocations=9 (full 1):
 PSYoungGen      total 37888K, used 27648K [0x00000000e0000000, 0x00000000e4a00000, 0x0000000100000000)
  eden space 27648K, 100% used [0x00000000e0000000,0x00000000e1b00000,0x00000000e1b00000)
  from space 10240K, 0% used [0x00000000e1b00000,0x00000000e1b00000,0x00000000e2500000)
  to   space 10240K, 0% used [0x00000000e4000000,0x00000000e4000000,0x00000000e4a00000)
 ParOldGen       total 51200K, used 7779K [0x00000000a0000000, 0x00000000a3200000, 0x00000000e0000000)
  object space 51200K, 15% used [0x00000000a0000000,0x00000000a0798c00,0x00000000a3200000)
 Metaspace       used 25425K, capacity 25892K, committed 26240K, reserved 1071104K
  class space    used 3465K, capacity 3635K, committed 3712K, reserved 1048576K
Event: 6.231 GC heap after
Heap after GC invocations=9 (full 1):
 PSYoungGen      total 49664K, used 4208K [0x00000000e0000000, 0x00000000e4480000, 0x0000000100000000)
  eden space 45056K, 0% used [0x00000000e0000000,0x00000000e0000000,0x00000000e2c00000)
  from space 4608K, 91% used [0x00000000e4000000,0x00000000e441c0c8,0x00000000e4480000)
  to   space 10240K, 0% used [0x00000000e3080000,0x00000000e3080000,0x00000000e3a80000)
 ParOldGen       total 51200K, used 7787K [0x00000000a0000000, 0x00000000a3200000, 0x00000000e0000000)
  object space 51200K, 15% used [0x00000000a0000000,0x00000000a079ac00,0x00000000a3200000)
 Metaspace       used 25425K, capacity 25892K, committed 26240K, reserved 1071104K
  class space    used 3465K, capacity 3635K, committed 3712K, reserved 1048576K
}
Event: 7.085 GC heap before
{Heap before GC invocations=10 (full 1):
 PSYoungGen      total 49664K, used 49264K [0x00000000e0000000, 0x00000000e4480000, 0x0000000100000000)
  eden space 45056K, 100% used [0x00000000e0000000,0x00000000e2c00000,0x00000000e2c00000)
  from space 4608K, 91% used [0x00000000e4000000,0x00000000e441c0c8,0x00000000e4480000)
  to   space 10240K, 0% used [0x00000000e3080000,0x00000000e3080000,0x00000000e3a80000)
 ParOldGen       total 51200K, used 7787K [0x00000000a0000000, 0x00000000a3200000, 0x00000000e0000000)
  object space 51200K, 15% used [0x00000000a0000000,0x00000000a079ac00,0x00000000a3200000)
 Metaspace       used 29460K, capacity 30056K, committed 30336K, reserved 1075200K
  class space    used 3971K, capacity 4138K, committed 4224K, reserved 1048576K
Event: 7.092 GC heap after
Heap after GC invocations=10 (full 1):
 PSYoungGen      total 55296K, used 6890K [0x00000000e0000000, 0x00000000e4480000, 0x0000000100000000)
  eden space 45056K, 0% used [0x00000000e0000000,0x00000000e0000000,0x00000000e2c00000)
  from space 10240K, 67% used [0x00000000e3080000,0x00000000e373a920,0x00000000e3a80000)
  to   space 4608K, 0% used [0x00000000e4000000,0x00000000e4000000,0x00000000e4480000)
 ParOldGen       total 51200K, used 7795K [0x00000000a0000000, 0x00000000a3200000, 0x00000000e0000000)
  object space 51200K, 15% used [0x00000000a0000000,0x00000000a079cc00,0x00000000a3200000)
 Metaspace       used 29460K, capacity 30056K, committed 30336K, reserved 1075200K
  class space    used 3971K, capacity 4138K, committed 4224K, reserved 1048576K
}

Deoptimization events (10 events):
Event: 6.460 Thread 0x000000001a96f800 Uncommon trap: reason=unstable_if action=reinterpret pc=0x00000000030f26c0 method=java.util.HashMap.hash(Ljava/lang/Object;)I @ 1
Event: 6.626 Thread 0x000000001a96f800 Uncommon trap: reason=unstable_if action=reinterpret pc=0x0000000002eb4c2c method=java.util.HashMap.getNode(ILjava/lang/Object;)Ljava/util/HashMap$Node; @ 53
Event: 6.626 Thread 0x000000001a96f800 Uncommon trap: reason=unstable_if action=reinterpret pc=0x00000000030bbd2c method=java.util.HashMap.hash(Ljava/lang/Object;)I @ 1
Event: 6.626 Thread 0x000000001a96f800 Uncommon trap: reason=unstable_if action=reinterpret pc=0x00000000030bc93c method=java.util.HashMap.putVal(ILjava/lang/Object;Ljava/lang/Object;ZZ)Ljava/lang/Object; @ 85
Event: 6.733 Thread 0x000000001a96f800 Uncommon trap: reason=unstable_if action=reinterpret pc=0x0000000002f401b0 method=java.util.LinkedHashMap.afterNodeInsertion(Z)V @ 1
Event: 6.928 Thread 0x000000001a96f800 Uncommon trap: reason=unstable_if action=reinterpret pc=0x000000000346cd98 method=java.util.WeakHashMap.put(Ljava/lang/Object;Ljava/lang/Object;)Ljava/lang/Object; @ 72
Event: 6.985 Thread 0x000000001a96f800 Uncommon trap: reason=class_check action=maybe_recompile pc=0x0000000003259bc4 method=sun.misc.URLClassPath.getLoader(I)Lsun/misc/URLClassPath$Loader; @ 94
Event: 6.992 Thread 0x000000001a96f800 Uncommon trap: reason=class_check action=maybe_recompile pc=0x000000000325ca68 method=sun.misc.URLClassPath.getLoader(I)Lsun/misc/URLClassPath$Loader; @ 239
Event: 7.101 Thread 0x000000001a96f800 Uncommon trap: reason=unstable_if action=reinterpret pc=0x0000000002f0c91c method=java.io.WinNTFileSystem.resolve(Ljava/lang/String;Ljava/lang/String;)Ljava/lang/String; @ 49
Event: 7.152 Thread 0x000000001a96f800 Uncommon trap: reason=unstable_if action=reinterpret pc=0x00000000034eaea0 method=org.codehaus.groovy.runtime.metaclass.MetaMethodIndex.addMethodToList(Ljava/lang/Object;Lgroovy/lang/MetaMethod;)Ljava/lang/Object; @ 226

Classes redefined (0 events):
No events

Internal exceptions (10 events):
Event: 7.179 Thread 0x000000001a96f800 Exception <a 'java/lang/ClassNotFoundException': org/gradle/api/internal/DefaultNamedDomainObjectCollectionBeanInfo> (0x00000000e0897338) thrown at [D:\src\AOSP-openjdk-cygwin\jdk8u\hotspot\src\share\vm\classfile\systemDictionary.cpp, line 210]
Event: 7.181 Thread 0x000000001a96f800 Exception <a 'java/lang/ClassNotFoundException': org/gradle/api/internal/DefaultDomainObjectCollectionBeanInfo> (0x00000000e08c6748) thrown at [D:\src\AOSP-openjdk-cygwin\jdk8u\hotspot\src\share\vm\classfile\systemDictionary.cpp, line 210]
Event: 7.182 Thread 0x000000001a96f800 Exception <a 'java/lang/ClassNotFoundException': java/util/AbstractCollectionBeanInfo> (0x00000000e08caea0) thrown at [D:\src\AOSP-openjdk-cygwin\jdk8u\hotspot\src\share\vm\classfile\systemDictionary.cpp, line 210]
Event: 7.182 Thread 0x000000001a96f800 Exception <a 'java/lang/ClassNotFoundException': java/util/AbstractCollectionCustomizer> (0x00000000e08cf608) thrown at [D:\src\AOSP-openjdk-cygwin\jdk8u\hotspot\src\share\vm\classfile\systemDictionary.cpp, line 210]
Event: 7.186 Thread 0x000000001a96f800 Exception <a 'java/lang/ClassNotFoundException': org/gradle/api/internal/DefaultDomainObjectCollectionCustomizer> (0x00000000e0909fb8) thrown at [D:\src\AOSP-openjdk-cygwin\jdk8u\hotspot\src\share\vm\classfile\systemDictionary.cpp, line 210]
Event: 7.190 Thread 0x000000001a96f800 Exception <a 'java/lang/ClassNotFoundException': org/gradle/api/internal/DefaultNamedDomainObjectCollectionCustomizer> (0x00000000e0962cd8) thrown at [D:\src\AOSP-openjdk-cygwin\jdk8u\hotspot\src\share\vm\classfile\systemDictionary.cpp, line 210]
Event: 7.195 Thread 0x000000001a96f800 Exception <a 'java/lang/ClassNotFoundException': org/gradle/api/internal/DefaultNamedDomainObjectListCustomizer> (0x00000000e09d1350) thrown at [D:\src\AOSP-openjdk-cygwin\jdk8u\hotspot\src\share\vm\classfile\systemDictionary.cpp, line 210]
Event: 7.198 Thread 0x000000001a96f800 Exception <a 'java/lang/ClassNotFoundException': org/gradle/api/internal/artifacts/DefaultArtifactRepositoryContainerCustomizer> (0x00000000e0a3dc80) thrown at [D:\src\AOSP-openjdk-cygwin\jdk8u\hotspot\src\share\vm\classfile\systemDictionary.cpp, line 210
Event: 7.201 Thread 0x000000001a96f800 Exception <a 'java/lang/ClassNotFoundException': org/gradle/api/internal/artifacts/dsl/DefaultRepositoryHandlerCustomizer> (0x00000000e0a9b238) thrown at [D:\src\AOSP-openjdk-cygwin\jdk8u\hotspot\src\share\vm\classfile\systemDictionary.cpp, line 210]
Event: 7.204 Thread 0x000000001a96f800 Exception <a 'java/lang/ClassNotFoundException': org/gradle/api/internal/artifacts/dsl/DefaultRepositoryHandler_DecoratedCustomizer> (0x00000000e0b0e570) thrown at [D:\src\AOSP-openjdk-cygwin\jdk8u\hotspot\src\share\vm\classfile\systemDictionary.cpp, line

Events (10 events):
Event: 7.220 loading class org/gradle/api/reflect/HasPublicType
Event: 7.220 loading class org/gradle/api/reflect/HasPublicType done
Event: 7.222 loading class org/gradle/api/internal/AbstractNamedDomainObjectContainer$1
Event: 7.222 loading class org/gradle/api/internal/AbstractNamedDomainObjectContainer$1 done
Event: 7.223 loading class org/gradle/api/internal/PolymorphicDomainObjectContainerConfigureDelegate
Event: 7.223 loading class org/gradle/api/internal/PolymorphicDomainObjectContainerConfigureDelegate done
Event: 7.230 loading class org/gradle/api/internal/DefaultPolymorphicNamedEntityInstantiator
Event: 7.230 loading class org/gradle/api/internal/DefaultPolymorphicNamedEntityInstantiator done
Event: 7.231 loading class org/gradle/api/internal/PolymorphicNamedEntityInstantiator
Event: 7.231 loading class org/gradle/api/internal/PolymorphicNamedEntityInstantiator done


Dynamic libraries:
0x00007ff70a4f0000 - 0x00007ff70a521000 	C:\Program Files\Android\Android Studio\jre\bin\java.exe
0x00007ffde2820000 - 0x00007ffde2a10000 	C:\WINDOWS\SYSTEM32\ntdll.dll
0x00007ffde2720000 - 0x00007ffde27d2000 	C:\WINDOWS\System32\KERNEL32.DLL
0x00007ffddf860000 - 0x00007ffddfb03000 	C:\WINDOWS\System32\KERNELBASE.dll
0x00007ffde1ab0000 - 0x00007ffde1b53000 	C:\WINDOWS\System32\ADVAPI32.dll
0x00007ffde2680000 - 0x00007ffde271e000 	C:\WINDOWS\System32\msvcrt.dll
0x00007ffde25b0000 - 0x00007ffde2647000 	C:\WINDOWS\System32\sechost.dll
0x00007ffde1210000 - 0x00007ffde1330000 	C:\WINDOWS\System32\RPCRT4.dll
0x00007ffde1070000 - 0x00007ffde1204000 	C:\WINDOWS\System32\USER32.dll
0x00007ffde0880000 - 0x00007ffde08a1000 	C:\WINDOWS\System32\win32u.dll
0x00007ffde2650000 - 0x00007ffde2676000 	C:\WINDOWS\System32\GDI32.dll
0x00007ffde06e0000 - 0x00007ffde0874000 	C:\WINDOWS\System32\gdi32full.dll
0x00007ffddfb10000 - 0x00007ffddfbae000 	C:\WINDOWS\System32\msvcp_win.dll
0x00007ffddfc80000 - 0x00007ffddfd7a000 	C:\WINDOWS\System32\ucrtbase.dll
0x00007ffdc5aa0000 - 0x00007ffdc5d25000 	C:\WINDOWS\WinSxS\amd64_microsoft.windows.common-controls_6595b64144ccf1df_6.0.18362.720_none_e6beb5c51314836b\COMCTL32.dll
0x00007ffde2270000 - 0x00007ffde25a6000 	C:\WINDOWS\System32\combase.dll
0x00007ffddfbb0000 - 0x00007ffddfc30000 	C:\WINDOWS\System32\bcryptPrimitives.dll
0x00007ffde1d00000 - 0x00007ffde1d2e000 	C:\WINDOWS\System32\IMM32.DLL
0x00000000605d0000 - 0x00000000606a2000 	C:\Program Files\Android\Android Studio\jre\jre\bin\msvcr100.dll
0x00000000606b0000 - 0x0000000060ef6000 	C:\Program Files\Android\Android Studio\jre\jre\bin\server\jvm.dll
0x00007ffde1aa0000 - 0x00007ffde1aa8000 	C:\WINDOWS\System32\PSAPI.DLL
0x00007ffddc5e0000 - 0x00007ffddc604000 	C:\WINDOWS\SYSTEM32\WINMM.dll
0x00007ffdd6f00000 - 0x00007ffdd6f0a000 	C:\WINDOWS\SYSTEM32\VERSION.dll
0x00007ffddc5b0000 - 0x00007ffddc5dd000 	C:\WINDOWS\SYSTEM32\WINMMBASE.dll
0x00007ffd8c0b0000 - 0x00007ffd8c0b9000 	C:\WINDOWS\SYSTEM32\WSOCK32.dll
0x00007ffddfc30000 - 0x00007ffddfc7a000 	C:\WINDOWS\System32\cfgmgr32.dll
0x00007ffde1bc0000 - 0x00007ffde1c2f000 	C:\WINDOWS\System32\ws2_32.DLL
0x00007ffdd9ca0000 - 0x00007ffdd9caf000 	C:\Program Files\Android\Android Studio\jre\jre\bin\verify.dll
0x00007ffdd3a10000 - 0x00007ffdd3a39000 	C:\Program Files\Android\Android Studio\jre\jre\bin\java.dll
0x00007ffdcfb00000 - 0x00007ffdcfb16000 	C:\Program Files\Android\Android Studio\jre\jre\bin\zip.dll
0x00007ffde1330000 - 0x00007ffde1a15000 	C:\WINDOWS\System32\SHELL32.dll
0x00007ffde0f50000 - 0x00007ffde0ff9000 	C:\WINDOWS\System32\shcore.dll
0x00007ffddfed0000 - 0x00007ffde0650000 	C:\WINDOWS\System32\windows.storage.dll
0x00007ffddf780000 - 0x00007ffddf7a3000 	C:\WINDOWS\System32\profapi.dll
0x00007ffddf6f0000 - 0x00007ffddf73a000 	C:\WINDOWS\System32\powrprof.dll
0x00007ffddf6e0000 - 0x00007ffddf6f0000 	C:\WINDOWS\System32\UMPDC.dll
0x00007ffde1010000 - 0x00007ffde1062000 	C:\WINDOWS\System32\shlwapi.dll
0x00007ffddf740000 - 0x00007ffddf751000 	C:\WINDOWS\System32\kernel.appcore.dll
0x00007ffde08b0000 - 0x00007ffde08c7000 	C:\WINDOWS\System32\cryptsp.dll
0x00007ffdc9770000 - 0x00007ffdc978a000 	C:\Program Files\Android\Android Studio\jre\jre\bin\net.dll
0x00007ffddeeb0000 - 0x00007ffddef17000 	C:\WINDOWS\system32\mswsock.dll
0x00007ffdbea40000 - 0x00007ffdbea51000 	C:\Program Files\Android\Android Studio\jre\jre\bin\nio.dll
0x00007ffdabd20000 - 0x00007ffdabd46000 	C:\Users\Luckmen\.gradle\native\29\windows-amd64\native-platform.dll
0x00007ffdd4630000 - 0x00007ffdd463d000 	C:\Program Files\Android\Android Studio\jre\jre\bin\management.dll
0x00007ffddea20000 - 0x00007ffddea53000 	C:\WINDOWS\system32\rsaenh.dll
0x00007ffde06b0000 - 0x00007ffde06d6000 	C:\WINDOWS\System32\bcrypt.dll
0x00007ffddf600000 - 0x00007ffddf625000 	C:\WINDOWS\SYSTEM32\USERENV.dll
0x00007ffddf050000 - 0x00007ffddf05c000 	C:\WINDOWS\SYSTEM32\CRYPTBASE.dll
0x00007ffddebc0000 - 0x00007ffddebfa000 	C:\WINDOWS\SYSTEM32\IPHLPAPI.DLL
0x00007ffde0be0000 - 0x00007ffde0be8000 	C:\WINDOWS\System32\NSI.dll
0x00007ffdd70f0000 - 0x00007ffdd7106000 	C:\WINDOWS\SYSTEM32\dhcpcsvc6.DLL
0x00007ffdd7c40000 - 0x00007ffdd7c5c000 	C:\WINDOWS\SYSTEM32\dhcpcsvc.DLL
0x00007ffddec00000 - 0x00007ffddecca000 	C:\WINDOWS\SYSTEM32\DNSAPI.dll

VM Arguments:
jvm_args: -Xmx1536m -Dfile.encoding=windows-1252 -Duser.country=ID -Duser.language=en -Duser.variant 
java_command: org.gradle.launcher.daemon.bootstrap.GradleDaemon 5.4.1
java_class_path (initial): C:\Users\Luckmen\.gradle\wrapper\dists\gradle-5.4.1-all\3221gyojl5jsh0helicew7rwx\gradle-5.4.1\lib\gradle-launcher-5.4.1.jar
Launcher Type: SUN_STANDARD

Environment Variables:
PATH=C:\Program Files (x86)\Common Files\Oracle\Java\javapath;C:\ProgramData\Oracle\Java\javapath;C:\WINDOWS\system32;C:\WINDOWS;C:\WINDOWS\System32\Wbem;C:\WINDOWS\System32\WindowsPowerShell\v1.0\;C:\WINDOWS\System32\OpenSSH\;C:\Program Files\nodejs\;C:\Users\Luckmen\AppData\Local\Microsoft\WindowsApps;C:\Users\Luckmen\AppData\Local\Programs\Microsoft VS Code\bin;C:\Users\Luckmen\AppData\Roaming\npm;C:\adb;C:\Program Files\Git\cmd;C:\xampp\php;C:\ProgramData\ComposerSetup\bin;C:\Users\Luckmen\AppData\Local\Microsoft\WindowsApps;C:\Users\Luckmen\AppData\Local\Programs\Microsoft VS Code\bin;C:\Users\Luckmen\AppData\Roaming\npm;C:\Program Files\Java\jdk1.8.0_161\bin;C:\Program Files\scrcpy-win64;C:\Users\Luckmen\AppData\Roaming\Composer\vendor\bin
USERNAME=Luckmen
OS=Windows_NT
PROCESSOR_IDENTIFIER=AMD64 Family 23 Model 17 Stepping 0, AuthenticAMD



---------------  S Y S T E M  ---------------

OS: Windows 10.0 , 64 bit Build 18362 (10.0.18362.329)

CPU:total 8 (initial active 8) (8 cores per cpu, 1 threads per core) family 23 model 17 stepping 0, cmov, cx8, fxsr, mmx, sse, sse2, sse3, ssse3, sse4.1, sse4.2, popcnt, avx, avx2, aes, clmul, mmxext, 3dnowpref, lzcnt, sse4a, tsc, tscinvbit, tscinv, bmi1

Memory: 4k page, physical 7222480k(381124k free), swap 29242576k(684k free)

vm_info: OpenJDK 64-Bit Server VM (25.202-b03) for windows-amd64 JRE (1.8.0_202-release-1483-b03), built by "builder" with MS VC++ 10.0 (VS2010)

time: Tue Mar 31 19:27:14 2020
timezone: SE Asia Standard Time
elapsed time: 7 seconds (0d 0h 0m 7s)

